<?xml version="1.0" encoding="UTF-8"?>
<!-- Generated by org.testng.reporters.JUnitReportReporter -->
<testsuite hostname="PC346141" name="com.fifthgen.unittest.PortfolioTest" tests="4" failures="1" timestamp="26 Apr 2018 07:13:38 GMT" time="0.019" errors="0">
  <testcase name="validateTotalStockInDescendingOrder" time="0.004" classname="com.fifthgen.unittest.PortfolioTest"/>
  <testcase name="validateFinalOrder" time="0.003" classname="com.fifthgen.unittest.PortfolioTest"/>
  <testcase name="validateTotalStockValueInEachPortforlio" time="0.002" classname="com.fifthgen.unittest.PortfolioTest">
    <failure type="java.lang.NumberFormatException" message="For input string: &quot;[&quot;">
      <![CDATA[java.lang.NumberFormatException: For input string: "["
	at java.lang.NumberFormatException.forInputString(NumberFormatException.java:65)
	at java.lang.Integer.parseInt(Integer.java:580)
	at java.lang.Integer.parseInt(Integer.java:615)
	at com.fifthgen.unittest.Portfolio.totalStockValueWithoutSort(Portfolio.java:57)
	at com.fifthgen.unittest.PortfolioTest.validateTotalStockValueInEachPortforlio(PortfolioTest.java:27)
	at sun.reflect.NativeMethodAccessorImpl.invoke0(Native Method)
	at sun.reflect.NativeMethodAccessorImpl.invoke(NativeMethodAccessorImpl.java:62)
	at sun.reflect.DelegatingMethodAccessorImpl.invoke(DelegatingMethodAccessorImpl.java:43)
	at java.lang.reflect.Method.invoke(Method.java:498)
	at org.testng.internal.MethodInvocationHelper.invokeMethod(MethodInvocationHelper.java:80)
	at org.testng.internal.Invoker.invokeMethod(Invoker.java:714)
	at org.testng.internal.Invoker.invokeTestMethod(Invoker.java:901)
	at org.testng.internal.Invoker.invokeTestMethods(Invoker.java:1231)
	at org.testng.internal.TestMethodWorker.invokeTestMethods(TestMethodWorker.java:127)
	at org.testng.internal.TestMethodWorker.run(TestMethodWorker.java:111)
	at org.testng.TestRunner.privateRun(TestRunner.java:767)
	at org.testng.TestRunner.run(TestRunner.java:617)
	at org.testng.SuiteRunner.runTest(SuiteRunner.java:334)
	at org.testng.SuiteRunner.runSequentially(SuiteRunner.java:329)
	at org.testng.SuiteRunner.privateRun(SuiteRunner.java:291)
	at org.testng.SuiteRunner.run(SuiteRunner.java:240)
	at org.testng.SuiteRunnerWorker.runSuite(SuiteRunnerWorker.java:52)
	at org.testng.SuiteRunnerWorker.run(SuiteRunnerWorker.java:86)
	at org.testng.TestNG.runSuitesSequentially(TestNG.java:1198)
	at org.testng.TestNG.runSuitesLocally(TestNG.java:1123)
	at org.testng.TestNG.run(TestNG.java:1031)
	at org.testng.remote.AbstractRemoteTestNG.run(AbstractRemoteTestNG.java:114)
	at org.testng.remote.RemoteTestNG.initAndRun(RemoteTestNG.java:251)
	at org.testng.remote.RemoteTestNG.main(RemoteTestNG.java:77)
]]>
    </failure>
  </testcase> <!-- validateTotalStockValueInEachPortforlio -->
  <testcase name="validateRemovalOfCommasInEachPortfolio" time="0.010" classname="com.fifthgen.unittest.PortfolioTest"/>
</testsuite> <!-- com.fifthgen.unittest.PortfolioTest -->
